     1                                  ; Se dau doua numere naturale a si b (a, b: dword, definite in segmentul de date). 
     2                                  ; Sa se calculeze suma lor si sa se afiseze in urmatorul format: "<a> + <b> = <result>"
     3                                  ;   Exemplu: "1 + 2 = 3"
     4                                  ;   Valorile vor fi afisate in format decimal (baza 10) cu semn.
     5                                  bits 32
     6                                  global start        
     7                                  
     8                                  extern exit, printf               
     9                                  import exit   msvcrt.dll 
    10                                  import printf msvcrt.dll
    11                                  
    12                                  segment data use32 class = data
    13 00000000 01000000                    a      dd 1
    14 00000004 02000000                    b      dd 2
    15 00000008 00000000                    res    dd 0
    16 0000000C 2564202B202564203D-         format db "%d + %d = %d", 0
    16 00000015 20256400           
    17                                  
    18                                  segment code use32 class = code
    19                                      start:
    20                                          ; Adunam pe a si pe b in eax, apoi stocam rezultatul in variabila res
    21 00000000 A1[00000000]                    mov eax, [a]
    22 00000005 0305[04000000]                  add eax, [b]
    23 0000000B A3[08000000]                    mov [res], eax
    24                                          
    25                                          ; Afisam textul cerut
    26 00000010 FF35[08000000]                  push dword [res]
    27 00000016 FF35[04000000]                  push dword [b]
    28 0000001C FF35[00000000]                  push dword [a]
    29 00000022 68[0C000000]                    push dword format
    30 00000027 FF15[00000000]                  call [printf]
    31 0000002D 83C410                          add esp, 4 * 4  ; Eliberam stiva
    32                                          
    33 00000030 6A00                            push    dword 0
    34 00000032 FF15[00000000]                  call    [exit]       
